<?xml version="1.0" encoding="UTF-8"?>
<robot generator="Robot 3.2.1 (Python 3.8.2 on win32)" generated="20200511 14:53:21.719" rpa="false">
<suite id="s1" name="Suites">
<suite id="s1-s1" name="Formulario" source="C:\RobotFramework\CI\robotmobile\formulario.robot">
<test id="s1-s1-t1" name="Cenário 01: Preencher formulario">
<kw name="Acesso Home" library="Home" type="setup">
<kw name="Open Application" library="AppiumLibrary">
<doc>Opens a new application to given Appium server.
Capabilities of appium server, Android and iOS,
Please check https://github.com/appium/appium/blob/master/docs/en/writing-running-appium/server-args.md
| *Option*            | *Man.* | *Description*     |
| remote_url          | Yes    | Appium server url |
| alias               | no     | alias             |</doc>
<arguments>
<arg>${REMOTE_URL}</arg>
<arg>platformName=${platformName}</arg>
<arg>udid=${dispositivo}</arg>
<arg>deviceName=${deviceName}</arg>
<arg>automationName=${automationName}</arg>
<arg>appPackage=${appPackage}</arg>
<arg>appActivity=${appActivity}</arg>
</arguments>
<status status="PASS" starttime="20200511 14:53:22.663" endtime="20200511 14:53:47.579"></status>
</kw>
<status status="PASS" starttime="20200511 14:53:22.661" endtime="20200511 14:53:47.579"></status>
</kw>
<kw name="Dado que estou na tela de formulario">
<kw name="Acesso formulario" library="Home">
<kw name="Click Element" library="AppiumLibrary">
<doc>Click element identified by `locator`.</doc>
<arguments>
<arg>${formulario}</arg>
</arguments>
<msg timestamp="20200511 14:53:47.582" level="INFO">Clicking element 'xpath=//android.widget.TextView[@text='Formulário']'.</msg>
<status status="PASS" starttime="20200511 14:53:47.580" endtime="20200511 14:53:49.025"></status>
</kw>
<status status="PASS" starttime="20200511 14:53:47.579" endtime="20200511 14:53:49.025"></status>
</kw>
<status status="PASS" starttime="20200511 14:53:47.579" endtime="20200511 14:53:49.025"></status>
</kw>
<kw name="Quando preencher os campos com nome: &quot;${Cliente.Usuario}&quot;, console: &quot;'${Cliente.Console_Preferido}'&quot;">
<kw name="User">
<arguments>
<arg>${Cliente.Usuario}</arg>
</arguments>
<kw name="Wait Until Element Is Visible" library="AppiumLibrary">
<doc>Waits until element specified with `locator` is visible.</doc>
<arguments>
<arg>${campo_nome}</arg>
</arguments>
<status status="PASS" starttime="20200511 14:53:49.027" endtime="20200511 14:53:49.854"></status>
</kw>
<kw name="Click Element" library="AppiumLibrary">
<doc>Click element identified by `locator`.</doc>
<arguments>
<arg>${campo_nome}</arg>
</arguments>
<msg timestamp="20200511 14:53:49.856" level="INFO">Clicking element 'accessibility_id=nome'.</msg>
<status status="PASS" starttime="20200511 14:53:49.854" endtime="20200511 14:53:49.912"></status>
</kw>
<kw name="Input Text" library="AppiumLibrary">
<doc>Types the given `text` into text field identified by `locator`.</doc>
<arguments>
<arg>${campo_nome}</arg>
<arg>${uname}</arg>
</arguments>
<msg timestamp="20200511 14:53:49.914" level="INFO">Typing text 'Manoel' into text field 'accessibility_id=nome'</msg>
<status status="PASS" starttime="20200511 14:53:49.912" endtime="20200511 14:53:52.920"></status>
</kw>
<status status="PASS" starttime="20200511 14:53:49.026" endtime="20200511 14:53:52.920"></status>
</kw>
<kw name="Console">
<arguments>
<arg>${Cliente.Console_Preferido}</arg>
</arguments>
<kw name="Click Element" library="AppiumLibrary">
<doc>Click element identified by `locator`.</doc>
<arguments>
<arg>${campo_console}</arg>
</arguments>
<msg timestamp="20200511 14:53:52.922" level="INFO">Clicking element 'accessibility_id=console'.</msg>
<status status="PASS" starttime="20200511 14:53:52.921" endtime="20200511 14:53:53.908"></status>
</kw>
<kw name="Wait Until Element Is Visible" library="AppiumLibrary">
<doc>Waits until element specified with `locator` is visible.</doc>
<arguments>
<arg>${campo_modelo_console}</arg>
</arguments>
<status status="PASS" starttime="20200511 14:53:53.908" endtime="20200511 14:53:54.704"></status>
</kw>
<kw name="Click Element" library="AppiumLibrary">
<doc>Click element identified by `locator`.</doc>
<arguments>
<arg>${campo_modelo_console}\[@text=${tipoConsole}]</arg>
</arguments>
<msg timestamp="20200511 14:53:54.706" level="INFO">Clicking element 'xpath=//android.widget.CheckedTextView[@text='PS4']'.</msg>
<status status="PASS" starttime="20200511 14:53:54.704" endtime="20200511 14:53:55.487"></status>
</kw>
<status status="PASS" starttime="20200511 14:53:52.920" endtime="20200511 14:53:55.487"></status>
</kw>
<status status="PASS" starttime="20200511 14:53:49.025" endtime="20200511 14:53:55.487"></status>
</kw>
<kw name="E marcar o checkbox e desabilitar o switch">
<kw name="Click Element" library="AppiumLibrary">
<doc>Click element identified by `locator`.</doc>
<arguments>
<arg>${campo_check}</arg>
</arguments>
<msg timestamp="20200511 14:53:55.489" level="INFO">Clicking element 'accessibility_id=check'.</msg>
<status status="PASS" starttime="20200511 14:53:55.488" endtime="20200511 14:53:55.537"></status>
</kw>
<kw name="Element Attribute Should Match" library="AppiumLibrary">
<doc>Verify that an attribute of an element matches the expected criteria.</doc>
<arguments>
<arg>${campo_check}</arg>
<arg>checked</arg>
<arg>true</arg>
</arguments>
<msg timestamp="20200511 14:53:56.062" level="INFO">Element 'accessibility_id=check' attribute 'checked' is 'true' </msg>
<status status="PASS" starttime="20200511 14:53:55.538" endtime="20200511 14:53:56.062"></status>
</kw>
<kw name="Click Element" library="AppiumLibrary">
<doc>Click element identified by `locator`.</doc>
<arguments>
<arg>${campo_switch}</arg>
</arguments>
<msg timestamp="20200511 14:53:56.064" level="INFO">Clicking element 'accessibility_id=switch'.</msg>
<status status="PASS" starttime="20200511 14:53:56.062" endtime="20200511 14:53:56.129"></status>
</kw>
<kw name="Element Attribute Should Match" library="AppiumLibrary">
<doc>Verify that an attribute of an element matches the expected criteria.</doc>
<arguments>
<arg>${campo_switch}</arg>
<arg>checked</arg>
<arg>false</arg>
</arguments>
<msg timestamp="20200511 14:53:56.762" level="INFO">Element 'accessibility_id=switch' attribute 'checked' is 'false' </msg>
<status status="PASS" starttime="20200511 14:53:56.130" endtime="20200511 14:53:56.762"></status>
</kw>
<status status="PASS" starttime="20200511 14:53:55.487" endtime="20200511 14:53:56.762"></status>
</kw>
<kw name="Então os dados de nome &quot;${Cliente.Usuario}&quot; e console &quot;${Cliente.Console_Preferido}&quot; devem ser gravados com sucesso">
<kw name="Get Webelement" library="AppiumLibrary">
<doc>Returns the first [http://selenium-python.readthedocs.io/api.html#module-selenium.webdriver.remote.webelement|WebElement] object matching ``locator``.</doc>
<arguments>
<arg>${campo_nome}</arg>
</arguments>
<assign>
<var>${verificar_usuario}</var>
</assign>
<msg timestamp="20200511 14:53:56.785" level="INFO">${verificar_usuario} = &lt;appium.webdriver.webelement.WebElement (session="03f969c3-f07d-48c0-aa47-c082dd6f3dcc", element="23597e24-7389-40c0-a96a-b0abf5a71d8d")&gt;</msg>
<status status="PASS" starttime="20200511 14:53:56.763" endtime="20200511 14:53:56.785"></status>
</kw>
<kw name="Should Be Equal" library="BuiltIn">
<doc>Fails if the given objects are unequal.</doc>
<arguments>
<arg>${verificar_usuario.text}</arg>
<arg>${Cliente.Usuario}</arg>
</arguments>
<status status="PASS" starttime="20200511 14:53:56.785" endtime="20200511 14:53:56.801"></status>
</kw>
<kw name="Get Webelement" library="AppiumLibrary">
<doc>Returns the first [http://selenium-python.readthedocs.io/api.html#module-selenium.webdriver.remote.webelement|WebElement] object matching ``locator``.</doc>
<arguments>
<arg>${valor_console}</arg>
</arguments>
<assign>
<var>${verificar_console}</var>
</assign>
<msg timestamp="20200511 14:53:56.919" level="INFO">${verificar_console} = &lt;appium.webdriver.webelement.WebElement (session="03f969c3-f07d-48c0-aa47-c082dd6f3dcc", element="1b9e1240-e9c1-448a-9611-7ed09d3cd0c1")&gt;</msg>
<status status="PASS" starttime="20200511 14:53:56.802" endtime="20200511 14:53:56.919"></status>
</kw>
<kw name="Should Be Equal" library="BuiltIn">
<doc>Fails if the given objects are unequal.</doc>
<arguments>
<arg>${verificar_console.text}</arg>
<arg>${Cliente.Console_Preferido}</arg>
</arguments>
<status status="PASS" starttime="20200511 14:53:56.919" endtime="20200511 14:53:56.940"></status>
</kw>
<kw name="Click Text" library="AppiumLibrary">
<doc>Click text identified by ``text``.</doc>
<arguments>
<arg>SALVAR</arg>
</arguments>
<status status="PASS" starttime="20200511 14:53:56.940" endtime="20200511 14:53:57.124"></status>
</kw>
<status status="PASS" starttime="20200511 14:53:56.762" endtime="20200511 14:53:57.125"></status>
</kw>
<kw name="Fechar Aplicacao" library="Home" type="teardown">
<kw name="Capture Page Screenshot" library="AppiumLibrary">
<doc>Takes a screenshot of the current page and embeds it into the log.</doc>
<msg timestamp="20200511 14:53:57.838" level="INFO" html="yes">&lt;/td&gt;&lt;/tr&gt;&lt;tr&gt;&lt;td colspan="3"&gt;&lt;a href="appium-screenshot-1.png"&gt;&lt;img src="appium-screenshot-1.png" width="800px"&gt;&lt;/a&gt;</msg>
<status status="PASS" starttime="20200511 14:53:57.125" endtime="20200511 14:53:57.838"></status>
</kw>
<kw name="Close Application" library="AppiumLibrary">
<doc>Closes the current application and also close webdriver session.</doc>
<status status="PASS" starttime="20200511 14:53:57.838" endtime="20200511 14:53:58.673"></status>
</kw>
<status status="PASS" starttime="20200511 14:53:57.125" endtime="20200511 14:53:58.674"></status>
</kw>
<status status="PASS" starttime="20200511 14:53:22.661" endtime="20200511 14:53:58.674" critical="yes"></status>
</test>
<status status="PASS" starttime="20200511 14:53:21.772" endtime="20200511 14:53:58.675"></status>
</suite>
<status status="PASS" starttime="20200511 14:53:21.720" endtime="20200511 14:53:58.691"></status>
</suite>
<statistics>
<total>
<stat pass="1" fail="0">Critical Tests</stat>
<stat pass="1" fail="0">All Tests</stat>
</total>
<tag>
</tag>
<suite>
<stat pass="1" fail="0" id="s1" name="Suites">Suites</stat>
<stat pass="1" fail="0" id="s1-s1" name="Formulario">Suites.Formulario</stat>
</suite>
</statistics>
<errors>
</errors>
</robot>
